
        ==========     _____ _    _ ____  _____  ______          _____  
        =====         / ____| |  | |  _ \|  __ \|  ____|   /\   |  __ \ 
          =====      | (___ | |  | | |_) | |__) | |__     /  \  | |  | |
            ====      \___ \| |  | |  _ <|  _  /|  __|   / /\ \ | |  | |
              ====    ____) | |__| | |_) | | \ \| |____ / ____ \| |__| |
        ==========   |_____/ \____/|____/|_|  \_\______/_/    \_\_____/
	  v2.0.3

//========================== featureCounts setting ===========================\\
||                                                                            ||
||             Input files : 1 BAM file                                       ||
||                                                                            ||
||                           SRR24516459.bam                                  ||
||                                                                            ||
||             Output file : SRR24516459.count                                ||
||                 Summary : SRR24516459.count.summary                        ||
||              Paired-end : yes                                              ||
||        Count read pairs : no                                               ||
||              Annotation : SRR24413071_prokka_filtered.gff (GTF)            ||
||      Dir for temp files : /home/yute2303/Genome_Analysis/RNA_data/feat ... ||
||                                                                            ||
||                 Threads : 1                                                ||
||                   Level : meta-feature level                               ||
||      Multimapping reads : not counted                                      ||
|| Multi-overlapping reads : not counted                                      ||
||   Min overlapping bases : 1                                                ||
||                                                                            ||
\\============================================================================//

//================================= Running ==================================\\
||                                                                            ||
|| Load annotation file SRR24413071_prokka_filtered.gff ...                   ||
||    Features : 8412                                                         ||
||    Meta-features : 8412                                                    ||
||    Chromosomes/contigs : 2                                                 ||
||                                                                            ||
|| Process BAM file SRR24516459.bam...                                        ||
||    Strand specific : stranded                                              ||
||    Paired-end reads are included.                                          ||
||    The reads are assigned on the single-end mode.                          ||
||    Total alignments : 21025076                                             ||
||    Successfully assigned alignments : 327772 (1.6%)                        ||
||    Running time : 0.42 minutes                                             ||
||                                                                            ||
|| Write the final count table.                                               ||
|| Write the read assignment summary.                                         ||
||                                                                            ||
|| Summary of counting results can be found in file "/home/yute2303/Genome_A  ||
|| nalysis/RNA_data/features_counting_result/FeatureCounts_result/SRR2451645  ||
|| 9.count.summary"                                                           ||
||                                                                            ||
\\============================================================================//


        ==========     _____ _    _ ____  _____  ______          _____  
        =====         / ____| |  | |  _ \|  __ \|  ____|   /\   |  __ \ 
          =====      | (___ | |  | | |_) | |__) | |__     /  \  | |  | |
            ====      \___ \| |  | |  _ <|  _  /|  __|   / /\ \ | |  | |
              ====    ____) | |__| | |_) | | \ \| |____ / ____ \| |__| |
        ==========   |_____/ \____/|____/|_|  \_\______/_/    \_\_____/
	  v2.0.3

//========================== featureCounts setting ===========================\\
||                                                                            ||
||             Input files : 1 BAM file                                       ||
||                                                                            ||
||                           SRR24516460.bam                                  ||
||                                                                            ||
||             Output file : SRR24516460.count                                ||
||                 Summary : SRR24516460.count.summary                        ||
||              Paired-end : yes                                              ||
||        Count read pairs : no                                               ||
||              Annotation : SRR24413071_prokka_filtered.gff (GTF)            ||
||      Dir for temp files : /home/yute2303/Genome_Analysis/RNA_data/feat ... ||
||                                                                            ||
||                 Threads : 1                                                ||
||                   Level : meta-feature level                               ||
||      Multimapping reads : not counted                                      ||
|| Multi-overlapping reads : not counted                                      ||
||   Min overlapping bases : 1                                                ||
||                                                                            ||
\\============================================================================//

//================================= Running ==================================\\
||                                                                            ||
|| Load annotation file SRR24413071_prokka_filtered.gff ...                   ||
||    Features : 8412                                                         ||
||    Meta-features : 8412                                                    ||
||    Chromosomes/contigs : 2                                                 ||
||                                                                            ||
|| Process BAM file SRR24516460.bam...                                        ||
||    Strand specific : stranded                                              ||
||    Paired-end reads are included.                                          ||
||    The reads are assigned on the single-end mode.                          ||
||    Total alignments : 19710347                                             ||
||    Successfully assigned alignments : 355766 (1.8%)                        ||
||    Running time : 0.40 minutes                                             ||
||                                                                            ||
|| Write the final count table.                                               ||
|| Write the read assignment summary.                                         ||
||                                                                            ||
|| Summary of counting results can be found in file "/home/yute2303/Genome_A  ||
|| nalysis/RNA_data/features_counting_result/FeatureCounts_result/SRR2451646  ||
|| 0.count.summary"                                                           ||
||                                                                            ||
\\============================================================================//


        ==========     _____ _    _ ____  _____  ______          _____  
        =====         / ____| |  | |  _ \|  __ \|  ____|   /\   |  __ \ 
          =====      | (___ | |  | | |_) | |__) | |__     /  \  | |  | |
            ====      \___ \| |  | |  _ <|  _  /|  __|   / /\ \ | |  | |
              ====    ____) | |__| | |_) | | \ \| |____ / ____ \| |__| |
        ==========   |_____/ \____/|____/|_|  \_\______/_/    \_\_____/
	  v2.0.3

//========================== featureCounts setting ===========================\\
||                                                                            ||
||             Input files : 1 BAM file                                       ||
||                                                                            ||
||                           SRR24516461.bam                                  ||
||                                                                            ||
||             Output file : SRR24516461.count                                ||
||                 Summary : SRR24516461.count.summary                        ||
||              Paired-end : yes                                              ||
||        Count read pairs : no                                               ||
||              Annotation : SRR24413071_prokka_filtered.gff (GTF)            ||
||      Dir for temp files : /home/yute2303/Genome_Analysis/RNA_data/feat ... ||
||                                                                            ||
||                 Threads : 1                                                ||
||                   Level : meta-feature level                               ||
||      Multimapping reads : not counted                                      ||
|| Multi-overlapping reads : not counted                                      ||
||   Min overlapping bases : 1                                                ||
||                                                                            ||
\\============================================================================//

//================================= Running ==================================\\
||                                                                            ||
|| Load annotation file SRR24413071_prokka_filtered.gff ...                   ||
||    Features : 8412                                                         ||
||    Meta-features : 8412                                                    ||
||    Chromosomes/contigs : 2                                                 ||
||                                                                            ||
|| Process BAM file SRR24516461.bam...                                        ||
||    Strand specific : stranded                                              ||
||    Paired-end reads are included.                                          ||
||    The reads are assigned on the single-end mode.                          ||
||    Total alignments : 17967493                                             ||
||    Successfully assigned alignments : 355912 (2.0%)                        ||
||    Running time : 0.36 minutes                                             ||
||                                                                            ||
|| Write the final count table.                                               ||
|| Write the read assignment summary.                                         ||
||                                                                            ||
|| Summary of counting results can be found in file "/home/yute2303/Genome_A  ||
|| nalysis/RNA_data/features_counting_result/FeatureCounts_result/SRR2451646  ||
|| 1.count.summary"                                                           ||
||                                                                            ||
\\============================================================================//

